//----------------------------------------------------------------------------//
// Generated by LegUp High-Level Synthesis Tool Version 4.0 (http://legup.org)
// Compiled: Sun Jul 26 12:56:54 2015
// University of Toronto
// For research and academic purposes only. Commercial use is prohibited.
// Please send bugs to: legup@eecg.toronto.edu
// Date: Mon Aug  7 22:12:19 2017
//----------------------------------------------------------------------------//

allocateRAM: @nn2
Constant: 0
allocateRAM: @nn3
Constant: 0
allocateRAM: @data
Constant: 0
allocateRAM: @npio2_hw
Constant: 1
allocateRAM: @two_over_pi
Constant: 1
allocateRAM: @init_jk
Constant: 1
allocateRAM: @PIo2
Constant: 1
allocating global ram: @nn2
allocating global ram: @nn3
allocating global ram: @data
allocating global ram: @npio2_hw
allocating global ram: @two_over_pi
allocating global ram: @init_jk
allocating global ram: @PIo2
allocateRAM: %data
Constant: 0
allocateRAM: %nn
Constant: 0
allocateRAM: %1
Constant: 0
allocateRAM: %2
Constant: 0
allocateRAM: %3
Constant: 0
allocateRAM: %z
Constant: 0
allocateRAM: %w
Constant: 0
allocateRAM: %t
Constant: 0
allocateRAM: %r
Constant: 0
allocateRAM: %fn
Constant: 0
allocateRAM: %tx
Constant: 0
allocateRAM: %i
Constant: 0
allocateRAM: %j
Constant: 0
allocateRAM: %n
Constant: 0
allocateRAM: %ix
Constant: 0
allocateRAM: %hx
Constant: 0
allocateRAM: %e0
Constant: 0
allocateRAM: %nx
Constant: 0
allocateRAM: %gf_u
Constant: 0
allocateRAM: %high
Constant: 0
allocateRAM: %gf_u1
Constant: 0
allocateRAM: %gf_u2
Constant: 0
allocateRAM: %sf_u
Constant: 0
allocateRAM: %1
Constant: 0
allocateRAM: %2
Constant: 0
allocateRAM: %3
Constant: 0
allocateRAM: %z
Constant: 0
allocateRAM: %r
Constant: 0
allocateRAM: %qx
Constant: 0
allocateRAM: %ix
Constant: 0
allocateRAM: %gf_u
Constant: 0
allocateRAM: %sf_u
Constant: 0
allocateRAM: %1
Constant: 0
allocateRAM: %2
Constant: 0
allocateRAM: %3
Constant: 0
allocateRAM: %4
Constant: 0
allocateRAM: %5
Constant: 0
allocateRAM: %6
Constant: 0
allocateRAM: %jz
Constant: 0
allocateRAM: %jx
Constant: 0
allocateRAM: %jv
Constant: 0
allocateRAM: %jp
Constant: 0
allocateRAM: %jk
Constant: 0
allocateRAM: %carry
Constant: 0
allocateRAM: %n
Constant: 0
allocateRAM: %iq
Constant: 0
allocateRAM: %i
Constant: 0
allocateRAM: %j
Constant: 0
allocateRAM: %k
Constant: 0
allocateRAM: %m
Constant: 0
allocateRAM: %q0
Constant: 0
allocateRAM: %ih
Constant: 0
allocateRAM: %z
Constant: 0
allocateRAM: %fw
Constant: 0
allocateRAM: %f
Constant: 0
allocateRAM: %fq
Constant: 0
allocateRAM: %q
Constant: 0
allocateRAM: %1
Constant: 0
allocateRAM: %2
Constant: 0
allocateRAM: %3
Constant: 0
allocateRAM: %4
Constant: 0
allocateRAM: %z
Constant: 0
allocateRAM: %r
Constant: 0
allocateRAM: %v
Constant: 0
allocateRAM: %ix
Constant: 0
allocateRAM: %gf_u
Constant: 0
allocateRAM: %1
Constant: 0
allocateRAM: %ix
Constant: 0
allocateRAM: %gf_u
Constant: 0
allocateRAM: %sf_u
Constant: 0
allocateRAM: %1
Constant: 0
allocateRAM: %2
Constant: 0
allocateRAM: %i0
Constant: 0
allocateRAM: %j0
Constant: 0
allocateRAM: %i
Constant: 0
allocateRAM: %ix
Constant: 0
allocateRAM: %gf_u
Constant: 0
allocateRAM: %sf_u
Constant: 0
allocateRAM: %1
Constant: 0
allocateRAM: %2
Constant: 0
allocateRAM: %3
Constant: 0
allocateRAM: %k
Constant: 0
allocateRAM: %ix
Constant: 0
allocateRAM: %hx
Constant: 0
allocateRAM: %gf_u
Constant: 0
allocateRAM: %gf_u1
Constant: 0
allocateRAM: %sf_u
Constant: 0
allocateRAM: %sf_u2
Constant: 0
allocateRAM: %1
Constant: 0
allocateRAM: %2
Constant: 0
allocateRAM: %y
Constant: 0
allocateRAM: %z
Constant: 0
allocateRAM: %ix
Constant: 0
allocateRAM: %gf_u
Constant: 0
