//----------------------------------------------------------------------------//
// Generated by LegUp High-Level Synthesis Tool Version 4.0 (http://legup.org)
// Compiled: Sun Jul 26 12:56:54 2015
// University of Toronto
// For research and academic purposes only. Commercial use is prohibited.
// Please send bugs to: legup@eecg.toronto.edu
// Date: Mon Aug  7 22:12:19 2017
//----------------------------------------------------------------------------//

-----------------Function: random_to_float---------------
-------------------------1---------------------------
-----------------Delay of path:5.80 ns---------------
-----------------State:LEGUP_F_random_to_float_BB_lrph_6-----------------
(0.00 ns) --- (0.00 ns) ---   %indvar5 = phi i32 [ %indvar.next6, %._crit_edge ], [ 0, %.lr.ph.preheader ]
(2.50 ns) --- (2.50 ns) ---   %row_pos.02 = add i32 %indvar5, 1
(3.31 ns) --- (5.80 ns) ---   %4 = sitofp i32 %row_pos.02 to float

-----------------Function: random_to_float---------------
-------------------------2---------------------------
-----------------Delay of path:5.80 ns---------------
-----------------State:LEGUP_F_random_to_float_BB__5_13-----------------
(0.00 ns) --- (0.00 ns) ---   %indvar2 = phi i32 [ %indvar.next3, %5 ], [ 0, %.lr.ph ]
(2.50 ns) --- (2.50 ns) ---   %col_pos.01 = add i32 %indvar2, 1
(3.31 ns) --- (5.80 ns) ---   %7 = sitofp i32 %col_pos.01 to float

-----------------Function: random_to_float---------------
-------------------------3---------------------------
-----------------Delay of path:4.99 ns---------------
-----------------State:LEGUP_F_random_to_float_BB_preheaderus_5-----------------
(0.00 ns) --- (0.00 ns) ---   %indvar = phi i32 [ %indvar.next, %.preheader.us ], [ 0, %.preheader.us.preheader ]
(2.50 ns) --- (2.50 ns) ---   %indvar.next = add i32 %indvar, 1
(2.49 ns) --- (4.99 ns) ---   %exitcond1 = icmp eq i32 %indvar.next, %height
(0.00 ns) --- (4.99 ns) ---   br i1 %exitcond1, label %._crit_edge4.loopexit, label %.preheader.us

-----------------Function: random_to_float---------------
-------------------------4---------------------------
-----------------Delay of path:4.99 ns---------------
-----------------State:LEGUP_F_random_to_float_BB__5_13-----------------
(0.00 ns) --- (0.00 ns) ---   %indvar2 = phi i32 [ %indvar.next3, %5 ], [ 0, %.lr.ph ]
(2.50 ns) --- (2.50 ns) ---   %indvar.next3 = add i32 %indvar2, 1
(2.49 ns) --- (4.99 ns) ---   %exitcond4 = icmp eq i32 %indvar.next3, %width
(0.00 ns) --- (4.99 ns) ---   br i1 %exitcond4, label %._crit_edge, label %5

-----------------Function: random_to_float---------------
-------------------------5---------------------------
-----------------Delay of path:4.99 ns---------------
-----------------State:LEGUP_F_random_to_float_BB__crit_edge_32-----------------
(2.50 ns) --- (2.50 ns) ---   %indvar.next6 = add i32 %indvar5, 1
(2.49 ns) --- (4.99 ns) ---   %exitcond = icmp eq i32 %indvar.next6, %height
(0.00 ns) --- (4.99 ns) ---   br i1 %exitcond, label %._crit_edge4.loopexit8, label %.lr.ph

-----------------Function: random_to_float---------------
-------------------------6---------------------------
-----------------Delay of path:3.41 ns---------------
-----------------State:LEGUP_F_random_to_float_BB__5_19-----------------
(3.41 ns) --- (3.41 ns) ---   %8 = fmul float %4, %7

-----------------Function: random_to_float---------------
-------------------------7---------------------------
-----------------Delay of path:3.36 ns---------------
-----------------State:LEGUP_F_random_to_float_BB__0_1-----------------
(3.36 ns) --- (3.36 ns) ---   %2 = icmp slt i32 %height, 1
(0.00 ns) --- (3.36 ns) ---   br i1 %2, label %._crit_edge4, label %.preheader.lr.ph

-----------------Function: random_to_float---------------
-------------------------8---------------------------
-----------------Delay of path:3.36 ns---------------
-----------------State:LEGUP_F_random_to_float_BB_preheaderlrph_2-----------------
(3.36 ns) --- (3.36 ns) ---   %3 = icmp slt i32 %width, 1
(0.00 ns) --- (3.36 ns) ---   br i1 %3, label %.preheader.us.preheader, label %.lr.ph.preheader

-----------------Function: random_to_float---------------
-------------------------9---------------------------
-----------------Delay of path:2.50 ns---------------
-----------------State:LEGUP_F_random_to_float_BB__5_13-----------------
(0.00 ns) --- (0.00 ns) ---   %indvar2 = phi i32 [ %indvar.next3, %5 ], [ 0, %.lr.ph ]
(2.50 ns) --- (2.50 ns) ---   %6 = add i32 %indvar2, 1

-----------------Function: random_to_float---------------
-------------------------10---------------------------
-----------------Delay of path:0.00 ns---------------
-----------------State:LEGUP_F_random_to_float_BB__0_1-----------------
(0.00 ns) --- (0.00 ns) ---   %1 = tail call i32 (i8*, ...)* @printf(i8* getelementptr inbounds ([30 x i8]* @.str1, i32 0, i32 0)) #4


-----------------Function: __kernel_cosf---------------
-------------------------1---------------------------
-----------------Delay of path:3.41 ns---------------
-----------------State:LEGUP_F___kernel_cosf_BB__19_28-----------------
(3.41 ns) --- (3.41 ns) ---   %21 = fmul float %20, %20

-----------------Function: __kernel_cosf---------------
-------------------------2---------------------------
-----------------Delay of path:3.41 ns---------------
-----------------State:LEGUP_F___kernel_cosf_BB__19_39-----------------
(3.41 ns) --- (3.41 ns) ---   %22 = fmul float %21, 0xBDA8FAE9C0000000

-----------------Function: __kernel_cosf---------------
-------------------------3---------------------------
-----------------Delay of path:3.41 ns---------------
-----------------State:LEGUP_F___kernel_cosf_BB__19_64-----------------
(3.41 ns) --- (3.41 ns) ---   %24 = fmul float %21, %23

-----------------Function: __kernel_cosf---------------
-------------------------4---------------------------
-----------------Delay of path:3.41 ns---------------
-----------------State:LEGUP_F___kernel_cosf_BB__19_89-----------------
(3.41 ns) --- (3.41 ns) ---   %26 = fmul float %21, %25

-----------------Function: __kernel_cosf---------------
-------------------------5---------------------------
-----------------Delay of path:3.41 ns---------------
-----------------State:LEGUP_F___kernel_cosf_BB__19_114-----------------
(3.41 ns) --- (3.41 ns) ---   %28 = fmul float %21, %27

-----------------Function: __kernel_cosf---------------
-------------------------6---------------------------
-----------------Delay of path:3.41 ns---------------
-----------------State:LEGUP_F___kernel_cosf_BB__19_139-----------------
(3.41 ns) --- (3.41 ns) ---   %30 = fmul float %21, %29

-----------------Function: __kernel_cosf---------------
-------------------------7---------------------------
-----------------Delay of path:3.41 ns---------------
-----------------State:LEGUP_F___kernel_cosf_BB__19_164-----------------
(3.41 ns) --- (3.41 ns) ---   %32 = fmul float %21, %31

-----------------Function: __kernel_cosf---------------
-------------------------8---------------------------
-----------------Delay of path:3.41 ns---------------
-----------------State:LEGUP_F___kernel_cosf_BB__35_179-----------------
(3.41 ns) --- (3.41 ns) ---   %39 = fmul float %36, %38

-----------------Function: __kernel_cosf---------------
-------------------------9---------------------------
-----------------Delay of path:3.41 ns---------------
-----------------State:LEGUP_F___kernel_cosf_BB__35_180-----------------
(3.41 ns) --- (3.41 ns) ---   %42 = fmul float %40, %41

-----------------Function: __kernel_cosf---------------
-------------------------10---------------------------
-----------------Delay of path:3.41 ns---------------
-----------------State:LEGUP_F___kernel_cosf_BB__35_181-----------------
(3.41 ns) --- (3.41 ns) ---   %37 = fmul float %36, 5.000000e-01


-----------------Function: __kernel_sinf---------------
-------------------------1---------------------------
-----------------Delay of path:3.41 ns---------------
-----------------State:LEGUP_F___kernel_sinf_BB__21_31-----------------
(3.41 ns) --- (3.41 ns) ---   %23 = fmul float %22, %22

-----------------Function: __kernel_sinf---------------
-------------------------2---------------------------
-----------------Delay of path:3.41 ns---------------
-----------------State:LEGUP_F___kernel_sinf_BB__21_42-----------------
(3.41 ns) --- (3.41 ns) ---   %25 = fmul float %23, 0x3DE5D93A60000000

-----------------Function: __kernel_sinf---------------
-------------------------3---------------------------
-----------------Delay of path:3.41 ns---------------
-----------------State:LEGUP_F___kernel_sinf_BB__21_67-----------------
(3.41 ns) --- (3.41 ns) ---   %27 = fmul float %23, %26

-----------------Function: __kernel_sinf---------------
-------------------------4---------------------------
-----------------Delay of path:3.41 ns---------------
-----------------State:LEGUP_F___kernel_sinf_BB__21_92-----------------
(3.41 ns) --- (3.41 ns) ---   %29 = fmul float %23, %28

-----------------Function: __kernel_sinf---------------
-------------------------5---------------------------
-----------------Delay of path:3.41 ns---------------
-----------------State:LEGUP_F___kernel_sinf_BB__21_117-----------------
(3.41 ns) --- (3.41 ns) ---   %31 = fmul float %23, %30

-----------------Function: __kernel_sinf---------------
-------------------------6---------------------------
-----------------Delay of path:3.41 ns---------------
-----------------State:LEGUP_F___kernel_sinf_BB__21_118-----------------
(3.41 ns) --- (3.41 ns) ---   %24 = fmul float %23, %22

-----------------Function: __kernel_sinf---------------
-------------------------7---------------------------
-----------------Delay of path:3.41 ns---------------
-----------------State:LEGUP_F___kernel_sinf_BB__35_147-----------------
(3.41 ns) --- (3.41 ns) ---   %40 = fmul float %38, %39

-----------------Function: __kernel_sinf---------------
-------------------------8---------------------------
-----------------Delay of path:3.41 ns---------------
-----------------State:LEGUP_F___kernel_sinf_BB__35_172-----------------
(3.41 ns) --- (3.41 ns) ---   %42 = fmul float %37, %41

-----------------Function: __kernel_sinf---------------
-------------------------9---------------------------
-----------------Delay of path:3.41 ns---------------
-----------------State:LEGUP_F___kernel_sinf_BB__44_202-----------------
(3.41 ns) --- (3.41 ns) ---   %48 = fmul float %47, 5.000000e-01

-----------------Function: __kernel_sinf---------------
-------------------------10---------------------------
-----------------Delay of path:3.41 ns---------------
-----------------State:LEGUP_F___kernel_sinf_BB__44_203-----------------
(3.41 ns) --- (3.41 ns) ---   %51 = fmul float %49, %50


-----------------Function: fabsf---------------
-------------------------1---------------------------
-----------------Delay of path:0.00 ns---------------
-----------------State:LEGUP_F_fabsf_BB__0_1-----------------
(0.00 ns) --- (0.00 ns) ---   %ix = alloca i32, align 4

-----------------Function: fabsf---------------
-------------------------2---------------------------
-----------------Delay of path:0.00 ns---------------
-----------------State:LEGUP_F_fabsf_BB__0_1-----------------
(0.00 ns) --- (0.00 ns) ---   %gf_u = alloca %union.ieee_float_shape_type, align 4

-----------------Function: fabsf---------------
-------------------------3---------------------------
-----------------Delay of path:0.00 ns---------------
-----------------State:LEGUP_F_fabsf_BB__0_1-----------------
(0.00 ns) --- (0.00 ns) ---   %sf_u = alloca %union.ieee_float_shape_type, align 4

-----------------Function: fabsf---------------
-------------------------4---------------------------
-----------------Delay of path:0.00 ns---------------
-----------------State:LEGUP_F_fabsf_BB__0_1-----------------
(0.00 ns) --- (0.00 ns) ---   br label %2

-----------------Function: fabsf---------------
-------------------------5---------------------------
-----------------Delay of path:0.00 ns---------------
-----------------State:LEGUP_F_fabsf_BB__2_3-----------------
(0.00 ns) --- (0.00 ns) ---   %3 = load float* %1, align 4

-----------------Function: fabsf---------------
-------------------------6---------------------------
-----------------Delay of path:0.00 ns---------------
-----------------State:LEGUP_F_fabsf_BB__2_3-----------------
(0.00 ns) --- (0.00 ns) ---   %5 = bitcast %union.ieee_float_shape_type* %gf_u to i32*

-----------------Function: fabsf---------------
-------------------------7---------------------------
-----------------Delay of path:0.00 ns---------------
-----------------State:LEGUP_F_fabsf_BB__2_3-----------------
(0.00 ns) --- (0.00 ns) ---   br label %7

-----------------Function: fabsf---------------
-------------------------8---------------------------
-----------------Delay of path:0.00 ns---------------
-----------------State:LEGUP_F_fabsf_BB__2_6-----------------
(0.00 ns) --- (0.00 ns) ---   %6 = load i32* %5, align 4

-----------------Function: fabsf---------------
-------------------------9---------------------------
-----------------Delay of path:0.00 ns---------------
-----------------State:LEGUP_F_fabsf_BB__7_10-----------------
(0.00 ns) --- (0.00 ns) ---   br label %8

-----------------Function: fabsf---------------
-------------------------10---------------------------
-----------------Delay of path:0.00 ns---------------
-----------------State:LEGUP_F_fabsf_BB__8_11-----------------
(0.00 ns) --- (0.00 ns) ---   %9 = load i32* %ix, align 4


-----------------Function: floorf---------------
-------------------------1---------------------------
-----------------Delay of path:6.71 ns---------------
-----------------State:LEGUP_F_floorf_BB__32_50-----------------
(3.35 ns) --- (3.35 ns) ---   %34 = lshr i32 8388607, %33
(0.87 ns) --- (4.21 ns) ---   %36 = and i32 %35, %34
(2.49 ns) --- (6.71 ns) ---   %37 = icmp eq i32 %36, 0
(0.00 ns) --- (6.71 ns) ---   br i1 %37, label %38, label %40

-----------------Function: floorf---------------
-------------------------2---------------------------
-----------------Delay of path:5.86 ns---------------
-----------------State:LEGUP_F_floorf_BB__8_12-----------------
(0.00 ns) --- (0.00 ns) ---   %10 = and i32 %9, 2147483647
(0.00 ns) --- (0.00 ns) ---   %11 = lshr i32 %10, 23
(2.50 ns) --- (2.50 ns) ---   %12 = add nsw i32 %11, -127
(3.36 ns) --- (5.86 ns) ---   %13 = icmp slt i32 %12, 23
(0.00 ns) --- (5.86 ns) ---   br i1 %13, label %14, label %59

-----------------Function: floorf---------------
-------------------------3---------------------------
-----------------Delay of path:3.53 ns---------------
-----------------State:LEGUP_F_floorf_BB__17_33-----------------
(3.53 ns) --- (3.53 ns) ---   %20 = fcmp ogt float %19, 0.000000e+00

-----------------Function: floorf---------------
-------------------------4---------------------------
-----------------Delay of path:3.53 ns---------------
-----------------State:LEGUP_F_floorf_BB__40_72-----------------
(3.53 ns) --- (3.53 ns) ---   %43 = fcmp ogt float %42, 0.000000e+00

-----------------Function: floorf---------------
-------------------------5---------------------------
-----------------Delay of path:3.36 ns---------------
-----------------State:LEGUP_F_floorf_BB__14_16-----------------
(3.36 ns) --- (3.36 ns) ---   %16 = icmp slt i32 %15, 0
(0.00 ns) --- (3.36 ns) ---   br i1 %16, label %17, label %32

-----------------Function: floorf---------------
-------------------------6---------------------------
-----------------Delay of path:3.36 ns---------------
-----------------State:LEGUP_F_floorf_BB__44_76-----------------
(3.36 ns) --- (3.36 ns) ---   %46 = icmp slt i32 %45, 0
(0.00 ns) --- (3.36 ns) ---   br i1 %46, label %47, label %52

-----------------Function: floorf---------------
-------------------------7---------------------------
-----------------Delay of path:3.36 ns---------------
-----------------State:LEGUP_F_floorf_BB__32_50-----------------
(0.87 ns) --- (0.87 ns) ---   %36 = and i32 %35, %34
(2.49 ns) --- (3.36 ns) ---   %37 = icmp eq i32 %36, 0
(0.00 ns) --- (3.36 ns) ---   br i1 %37, label %38, label %40

-----------------Function: floorf---------------
-------------------------8---------------------------
-----------------Delay of path:3.24 ns---------------
-----------------State:LEGUP_F_floorf_BB__17_19-----------------
(3.24 ns) --- (3.24 ns) ---   %19 = fadd float %18, 0x46293E5940000000

-----------------Function: floorf---------------
-------------------------9---------------------------
-----------------Delay of path:3.24 ns---------------
-----------------State:LEGUP_F_floorf_BB__40_58-----------------
(3.24 ns) --- (3.24 ns) ---   %42 = fadd float %41, 0x46293E5940000000

-----------------Function: floorf---------------
-------------------------10---------------------------
-----------------Delay of path:3.24 ns---------------
-----------------State:LEGUP_F_floorf_BB__62_92-----------------
(3.24 ns) --- (3.24 ns) ---   %64 = fadd float %63, %63


-----------------Function: scalbnf---------------
-------------------------1---------------------------
-----------------Delay of path:5.63 ns---------------
-----------------State:LEGUP_F_scalbnf_BB__44_86-----------------
(2.50 ns) --- (2.50 ns) ---   %47 = add nsw i32 %45, %46
(3.13 ns) --- (5.63 ns) ---   %48 = icmp sgt i32 %47, 254
(0.00 ns) --- (5.63 ns) ---   br i1 %48, label %49, label %53

-----------------Function: scalbnf---------------
-------------------------2---------------------------
-----------------Delay of path:3.41 ns---------------
-----------------State:LEGUP_F_scalbnf_BB__25_44-----------------
(3.41 ns) --- (3.41 ns) ---   %27 = fmul float %26, 0x4180000000000000

-----------------Function: scalbnf---------------
-------------------------3---------------------------
-----------------Delay of path:3.41 ns---------------
-----------------State:LEGUP_F_scalbnf_BB__40_70-----------------
(3.41 ns) --- (3.41 ns) ---   %42 = fmul float %41, 0x39B4484C00000000

-----------------Function: scalbnf---------------
-------------------------4---------------------------
-----------------Delay of path:3.41 ns---------------
-----------------State:LEGUP_F_scalbnf_BB__49_92-----------------
(3.41 ns) --- (3.41 ns) ---   %52 = fmul float %51, 0x46293E5940000000

-----------------Function: scalbnf---------------
-------------------------5---------------------------
-----------------Delay of path:3.41 ns---------------
-----------------State:LEGUP_F_scalbnf_BB__74_130-----------------
(3.41 ns) --- (3.41 ns) ---   %77 = fmul float %76, 0x46293E5940000000

-----------------Function: scalbnf---------------
-------------------------6---------------------------
-----------------Delay of path:3.41 ns---------------
-----------------State:LEGUP_F_scalbnf_BB__78_147-----------------
(3.41 ns) --- (3.41 ns) ---   %81 = fmul float %80, 0x39B4484C00000000

-----------------Function: scalbnf---------------
-------------------------7---------------------------
-----------------Delay of path:3.41 ns---------------
-----------------State:LEGUP_F_scalbnf_BB__94_173-----------------
(3.41 ns) --- (3.41 ns) ---   %96 = fmul float %95, 0x3E60000000000000

-----------------Function: scalbnf---------------
-------------------------8---------------------------
-----------------Delay of path:3.36 ns---------------
-----------------State:LEGUP_F_scalbnf_BB__33_66-----------------
(3.36 ns) --- (3.36 ns) ---   %39 = icmp slt i32 %38, -50000
(0.00 ns) --- (3.36 ns) ---   br i1 %39, label %40, label %43

-----------------Function: scalbnf---------------
-------------------------9---------------------------
-----------------Delay of path:3.36 ns---------------
-----------------State:LEGUP_F_scalbnf_BB__68_122-----------------
(3.36 ns) --- (3.36 ns) ---   %70 = icmp slt i32 %69, -22
(0.00 ns) --- (3.36 ns) ---   br i1 %70, label %71, label %82

-----------------Function: scalbnf---------------
-------------------------10---------------------------
-----------------Delay of path:3.24 ns---------------
-----------------State:LEGUP_F_scalbnf_BB__19_23-----------------
(3.24 ns) --- (3.24 ns) ---   %21 = fadd float %20, %20


-----------------Function: __kernel_rem_pio2f---------------
-------------------------1---------------------------
-----------------Delay of path:22.50 ns---------------
-----------------State:LEGUP_F___kernel_rem_pio2f_BB__0_6-----------------
(2.50 ns) --- (2.50 ns) ---   %12 = add nsw i32 %11, -3
(20.00 ns) --- (22.50 ns) ---   %13 = sdiv i32 %12, 8

-----------------Function: __kernel_rem_pio2f---------------
-------------------------2---------------------------
-----------------Delay of path:6.69 ns---------------
-----------------State:LEGUP_F___kernel_rem_pio2f_BB__124_272-----------------
(3.37 ns) --- (3.37 ns) ---   %131 = ashr i32 %128, %130
(3.33 ns) --- (6.69 ns) ---   %136 = shl i32 %131, %135

-----------------Function: __kernel_rem_pio2f---------------
-------------------------3---------------------------
-----------------Delay of path:5.86 ns---------------
-----------------State:LEGUP_F___kernel_rem_pio2f_BB__124_272-----------------
(3.37 ns) --- (3.37 ns) ---   %131 = ashr i32 %128, %130
(2.50 ns) --- (5.86 ns) ---   %133 = add nsw i32 %132, %131

-----------------Function: __kernel_rem_pio2f---------------
-------------------------4---------------------------
-----------------Delay of path:5.86 ns---------------
-----------------State:LEGUP_F___kernel_rem_pio2f_BB__0_6-----------------
(2.50 ns) --- (2.50 ns) ---   %12 = add nsw i32 %11, -3
(3.36 ns) --- (5.86 ns) ---   %14 = icmp slt i32 %12, -7
(0.00 ns) --- (5.86 ns) ---   br i1 %14, label %15, label %16

-----------------Function: __kernel_rem_pio2f---------------
-------------------------5---------------------------
-----------------Delay of path:5.86 ns---------------
-----------------State:LEGUP_F___kernel_rem_pio2f_BB__262_434-----------------
(2.50 ns) --- (2.50 ns) ---   %265 = add nsw i32 %263, %264
(3.36 ns) --- (5.86 ns) ---   %266 = icmp slt i32 %storemerge14.in, %265
(0.00 ns) --- (5.86 ns) ---   br i1 %266, label %267, label %307

-----------------Function: __kernel_rem_pio2f---------------
-------------------------6---------------------------
-----------------Delay of path:5.26 ns---------------
-----------------State:LEGUP_F___kernel_rem_pio2f_BB__385_645-----------------
(2.40 ns) --- (2.40 ns) ---   %389 = sub nsw i32 %387, %388
(2.86 ns) --- (5.26 ns) ---   %390 = icmp sle i32 %386, %389

-----------------Function: __kernel_rem_pio2f---------------
-------------------------7---------------------------
-----------------Delay of path:3.68 ns---------------
-----------------State:LEGUP_F___kernel_rem_pio2f_BB__158_291-----------------
(3.68 ns) --- (3.68 ns) ---   %160 = fcmp ult float %159, 5.000000e-01

-----------------Function: __kernel_rem_pio2f---------------
-------------------------8---------------------------
-----------------Delay of path:3.68 ns---------------
-----------------State:LEGUP_F___kernel_rem_pio2f_BB__329_524-----------------
(3.68 ns) --- (3.68 ns) ---   %334 = fcmp ult float %333, 2.560000e+02

-----------------Function: __kernel_rem_pio2f---------------
-------------------------9---------------------------
-----------------Delay of path:3.41 ns---------------
-----------------State:LEGUP_F___kernel_rem_pio2f_BB__57_87-----------------
(3.41 ns) --- (3.41 ns) ---   %69 = fmul float %61, %68

-----------------Function: __kernel_rem_pio2f---------------
-------------------------10---------------------------
-----------------Delay of path:3.41 ns---------------
-----------------State:LEGUP_F___kernel_rem_pio2f_BB__90_137-----------------
(3.41 ns) --- (3.41 ns) ---   %92 = fmul float %91, 3.906250e-03


-----------------Function: __ieee754_rem_pio2f---------------
-------------------------1---------------------------
-----------------Delay of path:5.53 ns---------------
-----------------State:LEGUP_F___ieee754_rem_pio2f_BB__122_424-----------------
(0.00 ns) --- (0.00 ns) ---   %125 = lshr i32 %124, 23
(0.00 ns) --- (0.00 ns) ---   %126 = and i32 %125, 255
(2.40 ns) --- (2.40 ns) ---   %127 = sub i32 %123, %126
(3.13 ns) --- (5.53 ns) ---   %128 = icmp sgt i32 %127, 8
(0.00 ns) --- (5.53 ns) ---   br i1 %128, label %129, label %169

-----------------Function: __ieee754_rem_pio2f---------------
-------------------------2---------------------------
-----------------Delay of path:5.53 ns---------------
-----------------State:LEGUP_F___ieee754_rem_pio2f_BB__122_424-----------------
(2.40 ns) --- (2.40 ns) ---   %127 = sub i32 %123, %126
(3.13 ns) --- (5.53 ns) ---   %128 = icmp sgt i32 %127, 8
(0.00 ns) --- (5.53 ns) ---   br i1 %128, label %129, label %169

-----------------Function: __ieee754_rem_pio2f---------------
-------------------------3---------------------------
-----------------Delay of path:5.53 ns---------------
-----------------State:LEGUP_F___ieee754_rem_pio2f_BB__148_522-----------------
(0.00 ns) --- (0.00 ns) ---   %151 = lshr i32 %150, 23
(0.00 ns) --- (0.00 ns) ---   %152 = and i32 %151, 255
(2.40 ns) --- (2.40 ns) ---   %153 = sub i32 %149, %152
(3.13 ns) --- (5.53 ns) ---   %154 = icmp sgt i32 %153, 25
(0.00 ns) --- (5.53 ns) ---   br i1 %154, label %155, label %168

-----------------Function: __ieee754_rem_pio2f---------------
-------------------------4---------------------------
-----------------Delay of path:5.53 ns---------------
-----------------State:LEGUP_F___ieee754_rem_pio2f_BB__148_522-----------------
(2.40 ns) --- (2.40 ns) ---   %153 = sub i32 %149, %152
(3.13 ns) --- (5.53 ns) ---   %154 = icmp sgt i32 %153, 25
(0.00 ns) --- (5.53 ns) ---   br i1 %154, label %155, label %168

-----------------Function: __ieee754_rem_pio2f---------------
-------------------------5---------------------------
-----------------Delay of path:3.41 ns---------------
-----------------State:LEGUP_F___ieee754_rem_pio2f_BB__83_306-----------------
(3.41 ns) --- (3.41 ns) ---   %86 = fmul float %85, 0x3FE45F3080000000

-----------------Function: __ieee754_rem_pio2f---------------
-------------------------6---------------------------
-----------------Delay of path:3.41 ns---------------
-----------------State:LEGUP_F___ieee754_rem_pio2f_BB__83_343-----------------
(3.41 ns) --- (3.41 ns) ---   %91 = fmul float %89, 0x3FF921F000000000

-----------------Function: __ieee754_rem_pio2f---------------
-------------------------7---------------------------
-----------------Delay of path:3.41 ns---------------
-----------------State:LEGUP_F___ieee754_rem_pio2f_BB__83_344-----------------
(3.41 ns) --- (3.41 ns) ---   %93 = fmul float %89, 0x3EE6A88860000000

-----------------Function: __ieee754_rem_pio2f---------------
-------------------------8---------------------------
-----------------Delay of path:3.41 ns---------------
-----------------State:LEGUP_F___ieee754_rem_pio2f_BB__129_428-----------------
(3.41 ns) --- (3.41 ns) ---   %132 = fmul float %131, 0x3EE6A88000000000

-----------------Function: __ieee754_rem_pio2f---------------
-------------------------9---------------------------
-----------------Delay of path:3.41 ns---------------
-----------------State:LEGUP_F___ieee754_rem_pio2f_BB__129_429-----------------
(3.41 ns) --- (3.41 ns) ---   %134 = fmul float %131, 0x3DD0B46100000000

-----------------Function: __ieee754_rem_pio2f---------------
-------------------------10---------------------------
-----------------Delay of path:3.41 ns---------------
-----------------State:LEGUP_F___ieee754_rem_pio2f_BB__155_526-----------------
(3.41 ns) --- (3.41 ns) ---   %158 = fmul float %157, 0x3DD0B46000000000


-----------------Function: sinf---------------
-------------------------1---------------------------
-----------------Delay of path:3.36 ns---------------
-----------------State:LEGUP_F_sinf_BB__16_22-----------------
(3.36 ns) --- (3.36 ns) ---   %18 = icmp slt i32 %17, 2139095040
(0.00 ns) --- (3.36 ns) ---   br i1 %18, label %22, label %19

-----------------Function: sinf---------------
-------------------------2---------------------------
-----------------Delay of path:3.20 ns---------------
-----------------State:LEGUP_F_sinf_BB__19_25-----------------
(3.20 ns) --- (3.20 ns) ---   %21 = fsub float %20, %20

-----------------Function: sinf---------------
-------------------------3---------------------------
-----------------Delay of path:3.20 ns---------------
-----------------State:LEGUP_F_sinf_BB__39_62-----------------
(3.20 ns) --- (3.20 ns) ---   %45 = fsub float -0.000000e+00, %44

-----------------Function: sinf---------------
-------------------------4---------------------------
-----------------Delay of path:3.20 ns---------------
-----------------State:LEGUP_F_sinf_BB__46_82-----------------
(3.20 ns) --- (3.20 ns) ---   %52 = fsub float -0.000000e+00, %51

-----------------Function: sinf---------------
-------------------------5---------------------------
-----------------Delay of path:2.92 ns---------------
-----------------State:LEGUP_F_sinf_BB__8_12-----------------
(0.00 ns) --- (0.00 ns) ---   %10 = and i32 %9, 2147483647
(2.92 ns) --- (2.92 ns) ---   %11 = icmp ult i32 %10, 1061752793
(0.00 ns) --- (2.92 ns) ---   br i1 %11, label %12, label %16

-----------------Function: sinf---------------
-------------------------6---------------------------
-----------------Delay of path:0.00 ns---------------
-----------------State:LEGUP_F_sinf_BB__0_1-----------------
(0.00 ns) --- (0.00 ns) ---   %1 = alloca float, align 4

-----------------Function: sinf---------------
-------------------------7---------------------------
-----------------Delay of path:0.00 ns---------------
-----------------State:LEGUP_F_sinf_BB__0_1-----------------
(0.00 ns) --- (0.00 ns) ---   %y = alloca [2 x float], align 4

-----------------Function: sinf---------------
-------------------------8---------------------------
-----------------Delay of path:0.00 ns---------------
-----------------State:LEGUP_F_sinf_BB__0_1-----------------
(0.00 ns) --- (0.00 ns) ---   %ix = alloca i32, align 4

-----------------Function: sinf---------------
-------------------------9---------------------------
-----------------Delay of path:0.00 ns---------------
-----------------State:LEGUP_F_sinf_BB__0_1-----------------
(0.00 ns) --- (0.00 ns) ---   %gf_u = alloca %union.ieee_float_shape_type, align 4

-----------------Function: sinf---------------
-------------------------10---------------------------
-----------------Delay of path:0.00 ns---------------
-----------------State:LEGUP_F_sinf_BB__0_1-----------------
(0.00 ns) --- (0.00 ns) ---   br label %3


